<?xml version="1.0" encoding="UTF-8"?>
<!-- Generated by org.testng.reporters.JUnitReportReporter -->
<testsuite hostname="Sreekanth" failures="0" tests="1" name="tests.companies.SampleTestCases" time="50.706" errors="0" timestamp="2020-03-18T15:38:27 IST" skipped="0">
  <testcase classname="tests.companies.SampleTestCases" name="testmethod" time="50.706"/>
</testsuite> <!-- tests.companies.SampleTestCases -->
