<?xml version="1.0" encoding="UTF-8"?>
<!-- Generated by org.testng.reporters.JUnitReportReporter -->
<testsuite hostname="Sreekanth" failures="0" tests="1" name="framework.Configurattion" time="0.020" errors="0" timestamp="2019-12-23T11:36:17 IST" skipped="0">
  <testcase classname="framework.Configurattion" name="beforeSuite" time="0.020"/>
</testsuite> <!-- framework.Configurattion -->
