<?xml version="1.0" encoding="UTF-8"?>
<!-- Generated by org.testng.reporters.JUnitReportReporter -->
<testsuite hostname="Sreekanth" failures="0" tests="1" name="cookies.Cookies" time="0.060" errors="0" timestamp="2020-02-28T13:42:42 IST" skipped="0">
  <testcase classname="cookies.Cookies" name="add_cookies" time="0.060"/>
</testsuite> <!-- cookies.Cookies -->
