<?xml version="1.0" encoding="UTF-8"?>
<!-- Generated by org.testng.reporters.JUnitReportReporter -->
<testsuite hostname="Sreekanth" failures="0" tests="2" name="tests.companies.CreatCompanies" time="48.792" errors="0" timestamp="2020-04-04T17:04:31 IST" skipped="0">
  <testcase classname="tests.companies.CreatCompanies" name="test2" time="0.017"/>
  <testcase classname="tests.companies.CreatCompanies" name="testmethod" time="48.775"/>
</testsuite> <!-- tests.companies.CreatCompanies -->
